<?xml version="1.0" encoding="UTF-8"?>
<!-- Generated by org.testng.reporters.JUnitReportReporter -->
<testsuite name="uiAutomation.tests.search.GoogleSearchTest" tests="1" time="7.856" ignored="0" failures="0" timestamp="09 Oct 2018 16:27:27 GMT" skipped="0" hostname="SFOC02RR0XBG8WN.sea.corp.expecn.com" errors="0">
  <testcase name="test001" time="7.856" classname="uiAutomation.tests.search.GoogleSearchTest"/>
</testsuite> <!-- uiAutomation.tests.search.GoogleSearchTest -->
